# JRE version: Java(TM) SE Runtime Environment (8.0_60-b27) (build 1.8.0_60-b27)
# Java VM: Java HotSpot(TM) 64-Bit Server VM (25.60-b23 mixed mode windows-amd64 compressed oops)
Heap:
 PSYoungGen      total 66560K, used 65715K [0x00000000d8400000, 0x00000000e1300000, 0x0000000100000000)
  eden space 61440K, 98% used [0x00000000d8400000,0x00000000dbf2cdb0,0x00000000dc000000)
  from space 5120K, 100% used [0x00000000dc000000,0x00000000dc500000,0x00000000dc500000)
  to   space 11776K, 0% used [0x00000000e0780000,0x00000000e0780000,0x00000000e1300000)
 ParOldGen       total 81920K, used 13640K [0x0000000088c00000, 0x000000008dc00000, 0x00000000d8400000)
  object space 81920K, 16% used [0x0000000088c00000,0x00000000899523d8,0x000000008dc00000)
 Metaspace       used 17847K, capacity 18278K, committed 18432K, reserved 1064960K
  class space    used 2064K, capacity 2190K, committed 2304K, reserved 1048576K
GC Heap History (10 events):
Event: 0.896 GC heap before
{Heap before GC invocations=1 (full 0):
 PSYoungGen      total 35840K, used 30720K [0x00000000d8400000, 0x00000000dac00000, 0x0000000100000000)
  eden space 30720K, 100% used [0x00000000d8400000,0x00000000da200000,0x00000000da200000)
  from space 5120K, 0% used [0x00000000da700000,0x00000000da700000,0x00000000dac00000)
  to   space 5120K, 0% used [0x00000000da200000,0x00000000da200000,0x00000000da700000)
 ParOldGen       total 81920K, used 0K [0x0000000088c00000, 0x000000008dc00000, 0x00000000d8400000)
  object space 81920K, 0% used [0x0000000088c00000,0x0000000088c00000,0x000000008dc00000)
 Metaspace       used 7671K, capacity 7816K, committed 8064K, reserved 1056768K
  class space    used 968K, capacity 1052K, committed 1152K, reserved 1048576K
Event: 0.901 GC heap after
Heap after GC invocations=1 (full 0):
 PSYoungGen      total 35840K, used 4576K [0x00000000d8400000, 0x00000000dac00000, 0x0000000100000000)
  eden space 30720K, 0% used [0x00000000d8400000,0x00000000d8400000,0x00000000da200000)
  from space 5120K, 89% used [0x00000000da200000,0x00000000da678048,0x00000000da700000)
  to   space 5120K, 0% used [0x00000000da700000,0x00000000da700000,0x00000000dac00000)
 ParOldGen       total 81920K, used 8K [0x0000000088c00000, 0x000000008dc00000, 0x00000000d8400000)
  object space 81920K, 0% used [0x0000000088c00000,0x0000000088c02000,0x000000008dc00000)
 Metaspace       used 7671K, capacity 7816K, committed 8064K, reserved 1056768K
  class space    used 968K, capacity 1052K, committed 1152K, reserved 1048576K
}
Event: 1.530 GC heap before
{Heap before GC invocations=2 (full 0):
 PSYoungGen      total 35840K, used 35296K [0x00000000d8400000, 0x00000000dac00000, 0x0000000100000000)
  eden space 30720K, 100% used [0x00000000d8400000,0x00000000da200000,0x00000000da200000)
  from space 5120K, 89% used [0x00000000da200000,0x00000000da678048,0x00000000da700000)
  to   space 5120K, 0% used [0x00000000da700000,0x00000000da700000,0x00000000dac00000)
 ParOldGen       total 81920K, used 8K [0x0000000088c00000, 0x000000008dc00000, 0x00000000d8400000)
  object space 81920K, 0% used [0x0000000088c00000,0x0000000088c02000,0x000000008dc00000)
 Metaspace       used 11667K, capacity 11898K, committed 12160K, reserved 1060864K
  class space    used 1485K, capacity 1577K, committed 1664K, reserved 1048576K
Event: 1.536 GC heap after
Heap after GC invocations=2 (full 0):
 PSYoungGen      total 35840K, used 5103K [0x00000000d8400000, 0x00000000dac00000, 0x0000000100000000)
  eden space 30720K, 0% used [0x00000000d8400000,0x00000000d8400000,0x00000000da200000)
  from space 5120K, 99% used [0x00000000da700000,0x00000000dabfbf00,0x00000000dac00000)
  to   space 5120K, 0% used [0x00000000da200000,0x00000000da200000,0x00000000da700000)
 ParOldGen       total 81920K, used 2144K [0x0000000088c00000, 0x000000008dc00000, 0x00000000d8400000)
  object space 81920K, 2% used [0x0000000088c00000,0x0000000088e18340,0x000000008dc00000)
 Metaspace       used 11667K, capacity 11898K, committed 12160K, reserved 1060864K
  class space    used 1485K, capacity 1577K, committed 1664K, reserved 1048576K
}
Event: 2.208 GC heap before
{Heap before GC invocations=3 (full 0):
 PSYoungGen      total 35840K, used 35823K [0x00000000d8400000, 0x00000000dac00000, 0x0000000100000000)
  eden space 30720K, 100% used [0x00000000d8400000,0x00000000da200000,0x00000000da200000)
  from space 5120K, 99% used [0x00000000da700000,0x00000000dabfbf00,0x00000000dac00000)
  to   space 5120K, 0% used [0x00000000da200000,0x00000000da200000,0x00000000da700000)
 ParOldGen       total 81920K, used 2144K [0x0000000088c00000, 0x000000008dc00000, 0x00000000d8400000)
  object space 81920K, 2% used [0x0000000088c00000,0x0000000088e18340,0x000000008dc00000)
 Metaspace       used 14245K, capacity 14478K, committed 14720K, reserved 1062912K
  class space    used 1746K, capacity 1847K, committed 1920K, reserved 1048576K
Event: 2.225 GC heap after
Heap after GC invocations=3 (full 0):
 PSYoungGen      total 35840K, used 5104K [0x00000000d8400000, 0x00000000dca00000, 0x0000000100000000)
  eden space 30720K, 0% used [0x00000000d8400000,0x00000000d8400000,0x00000000da200000)
  from space 5120K, 99% used [0x00000000da200000,0x00000000da6fc030,0x00000000da700000)
  to   space 5120K, 0% used [0x00000000dc500000,0x00000000dc500000,0x00000000dca00000)
 ParOldGen       total 81920K, used 5446K [0x0000000088c00000, 0x000000008dc00000, 0x00000000d8400000)
  object space 81920K, 6% used [0x0000000088c00000,0x0000000089151bd0,0x000000008dc00000)
 Metaspace       used 14245K, capacity 14478K, committed 14720K, reserved 1062912K
  class space    used 1746K, capacity 1847K, committed 1920K, reserved 1048576K
}
Event: 2.614 GC heap before
{Heap before GC invocations=4 (full 0):
 PSYoungGen      total 35840K, used 35824K [0x00000000d8400000, 0x00000000dca00000, 0x0000000100000000)
  eden space 30720K, 100% used [0x00000000d8400000,0x00000000da200000,0x00000000da200000)
  from space 5120K, 99% used [0x00000000da200000,0x00000000da6fc030,0x00000000da700000)
  to   space 5120K, 0% used [0x00000000dc500000,0x00000000dc500000,0x00000000dca00000)
 ParOldGen       total 81920K, used 5446K [0x0000000088c00000, 0x000000008dc00000, 0x00000000d8400000)
  object space 81920K, 6% used [0x0000000088c00000,0x0000000089151bd0,0x000000008dc00000)
 Metaspace       used 14562K, capacity 14740K, committed 14976K, reserved 1062912K
  class space    used 1769K, capacity 1848K, committed 1920K, reserved 1048576K
Event: 2.624 GC heap after
Heap after GC invocations=4 (full 0):
 PSYoungGen      total 66560K, used 5104K [0x00000000d8400000, 0x00000000dca00000, 0x0000000100000000)
  eden space 61440K, 0% used [0x00000000d8400000,0x00000000d8400000,0x00000000dc000000)
  from space 5120K, 99% used [0x00000000dc500000,0x00000000dc9fc010,0x00000000dca00000)
  to   space 5120K, 0% used [0x00000000dc000000,0x00000000dc000000,0x00000000dc500000)
 ParOldGen       total 81920K, used 8753K [0x0000000088c00000, 0x000000008dc00000, 0x00000000d8400000)
  object space 81920K, 10% used [0x0000000088c00000,0x000000008948c578,0x000000008dc00000)
 Metaspace       used 14562K, capacity 14740K, committed 14976K, reserved 1062912K
  class space    used 1769K, capacity 1848K, committed 1920K, reserved 1048576K
}
Event: 3.531 GC heap before
{Heap before GC invocations=5 (full 0):
 PSYoungGen      total 66560K, used 66544K [0x00000000d8400000, 0x00000000dca00000, 0x0000000100000000)
  eden space 61440K, 100% used [0x00000000d8400000,0x00000000dc000000,0x00000000dc000000)
  from space 5120K, 99% used [0x00000000dc500000,0x00000000dc9fc010,0x00000000dca00000)
  to   space 5120K, 0% used [0x00000000dc000000,0x00000000dc000000,0x00000000dc500000)
 ParOldGen       total 81920K, used 8753K [0x0000000088c00000, 0x000000008dc00000, 0x00000000d8400000)
  object space 81920K, 10% used [0x0000000088c00000,0x000000008948c578,0x000000008dc00000)
 Metaspace       used 15868K, capacity 16248K, committed 16384K, reserved 1062912K
  class space    used 1890K, capacity 1986K, committed 2048K, reserved 1048576K
Event: 3.550 GC heap after
Heap after GC invocations=5 (full 0):
 PSYoungGen      total 66560K, used 5120K [0x00000000d8400000, 0x00000000e1300000, 0x0000000100000000)
  eden space 61440K, 0% used [0x00000000d8400000,0x00000000d8400000,0x00000000dc000000)
  from space 5120K, 100% used [0x00000000dc000000,0x00000000dc500000,0x00000000dc500000)
  to   space 11776K, 0% used [0x00000000e0780000,0x00000000e0780000,0x00000000e1300000)
 ParOldGen       total 81920K, used 13640K [0x0000000088c00000, 0x000000008dc00000, 0x00000000d8400000)
  object space 81920K, 16% used [0x0000000088c00000,0x00000000899523d8,0x000000008dc00000)
 Metaspace       used 15868K, capacity 16248K, committed 16384K, reserved 1062912K
  class space    used 1890K, capacity 1986K, committed 2048K, reserved 1048576K
}

