# JRE version: Java(TM) SE Runtime Environment (8.0_60-b27) (build 1.8.0_60-b27)
# Java VM: Java HotSpot(TM) 64-Bit Server VM (25.60-b23 mixed mode windows-amd64 compressed oops)
Heap:
 PSYoungGen      total 128000K, used 117503K [0x00000000d8400000, 0x00000000e8f00000, 0x0000000100000000)
  eden space 122880K, 95% used [0x00000000d8400000,0x00000000df6bfe40,0x00000000dfc00000)
  from space 5120K, 0% used [0x00000000dfc00000,0x00000000dfc00000,0x00000000e0100000)
  to   space 13824K, 0% used [0x00000000e8180000,0x00000000e8180000,0x00000000e8f00000)
 ParOldGen       total 56832K, used 13370K [0x0000000088c00000, 0x000000008c380000, 0x00000000d8400000)
  object space 56832K, 23% used [0x0000000088c00000,0x000000008990e868,0x000000008c380000)
 Metaspace       used 23309K, capacity 23532K, committed 23808K, reserved 1071104K
  class space    used 2945K, capacity 3005K, committed 3072K, reserved 1048576K
GC Heap History (10 events):
Event: 2.857 GC heap before
{Heap before GC invocations=2 (full 0):
 PSYoungGen      total 35840K, used 34908K [0x00000000d8400000, 0x00000000dca00000, 0x0000000100000000)
  eden space 30720K, 100% used [0x00000000d8400000,0x00000000da200000,0x00000000da200000)
  from space 5120K, 81% used [0x00000000da200000,0x00000000da6170b8,0x00000000da700000)
  to   space 5120K, 0% used [0x00000000dc500000,0x00000000dc500000,0x00000000dca00000)
 ParOldGen       total 81920K, used 0K [0x0000000088c00000, 0x000000008dc00000, 0x00000000d8400000)
  object space 81920K, 0% used [0x0000000088c00000,0x0000000088c00000,0x000000008dc00000)
 Metaspace       used 10664K, capacity 10742K, committed 10880K, reserved 1058816K
  class space    used 1363K, capacity 1401K, committed 1408K, reserved 1048576K
Event: 2.897 GC heap after
Heap after GC invocations=2 (full 0):
 PSYoungGen      total 66560K, used 5111K [0x00000000d8400000, 0x00000000dca00000, 0x0000000100000000)
  eden space 61440K, 0% used [0x00000000d8400000,0x00000000d8400000,0x00000000dc000000)
  from space 5120K, 99% used [0x00000000dc500000,0x00000000dc9fdeb8,0x00000000dca00000)
  to   space 5120K, 0% used [0x00000000dc000000,0x00000000dc000000,0x00000000dc500000)
 ParOldGen       total 81920K, used 1907K [0x0000000088c00000, 0x000000008dc00000, 0x00000000d8400000)
  object space 81920K, 2% used [0x0000000088c00000,0x0000000088ddcd58,0x000000008dc00000)
 Metaspace       used 10664K, capacity 10742K, committed 10880K, reserved 1058816K
  class space    used 1363K, capacity 1401K, committed 1408K, reserved 1048576K
}
Event: 4.355 GC heap before
{Heap before GC invocations=3 (full 0):
 PSYoungGen      total 66560K, used 66551K [0x00000000d8400000, 0x00000000dca00000, 0x0000000100000000)
  eden space 61440K, 100% used [0x00000000d8400000,0x00000000dc000000,0x00000000dc000000)
  from space 5120K, 99% used [0x00000000dc500000,0x00000000dc9fdeb8,0x00000000dca00000)
  to   space 5120K, 0% used [0x00000000dc000000,0x00000000dc000000,0x00000000dc500000)
 ParOldGen       total 81920K, used 1907K [0x0000000088c00000, 0x000000008dc00000, 0x00000000d8400000)
  object space 81920K, 2% used [0x0000000088c00000,0x0000000088ddcd58,0x000000008dc00000)
 Metaspace       used 19284K, capacity 19424K, committed 19584K, reserved 1067008K
  class space    used 2374K, capacity 2416K, committed 2432K, reserved 1048576K
Event: 4.374 GC heap after
Heap after GC invocations=3 (full 0):
 PSYoungGen      total 66560K, used 5118K [0x00000000d8400000, 0x00000000e0600000, 0x0000000100000000)
  eden space 61440K, 0% used [0x00000000d8400000,0x00000000d8400000,0x00000000dc000000)
  from space 5120K, 99% used [0x00000000dc000000,0x00000000dc4ffbf0,0x00000000dc500000)
  to   space 5120K, 0% used [0x00000000e0100000,0x00000000e0100000,0x00000000e0600000)
 ParOldGen       total 81920K, used 11067K [0x0000000088c00000, 0x000000008dc00000, 0x00000000d8400000)
  object space 81920K, 13% used [0x0000000088c00000,0x00000000896ced78,0x000000008dc00000)
 Metaspace       used 19284K, capacity 19424K, committed 19584K, reserved 1067008K
  class space    used 2374K, capacity 2416K, committed 2432K, reserved 1048576K
}
Event: 4.880 GC heap before
{Heap before GC invocations=4 (full 0):
 PSYoungGen      total 66560K, used 66558K [0x00000000d8400000, 0x00000000e0600000, 0x0000000100000000)
  eden space 61440K, 100% used [0x00000000d8400000,0x00000000dc000000,0x00000000dc000000)
  from space 5120K, 99% used [0x00000000dc000000,0x00000000dc4ffbf0,0x00000000dc500000)
  to   space 5120K, 0% used [0x00000000e0100000,0x00000000e0100000,0x00000000e0600000)
 ParOldGen       total 81920K, used 11067K [0x0000000088c00000, 0x000000008dc00000, 0x00000000d8400000)
  object space 81920K, 13% used [0x0000000088c00000,0x00000000896ced78,0x000000008dc00000)
 Metaspace       used 20745K, capacity 20892K, committed 21120K, reserved 1067008K
  class space    used 2541K, capacity 2581K, committed 2688K, reserved 1048576K
Event: 4.912 GC heap after
Heap after GC invocations=4 (full 0):
 PSYoungGen      total 128000K, used 5112K [0x00000000d8400000, 0x00000000e0600000, 0x0000000100000000)
  eden space 122880K, 0% used [0x00000000d8400000,0x00000000d8400000,0x00000000dfc00000)
  from space 5120K, 99% used [0x00000000e0100000,0x00000000e05fe308,0x00000000e0600000)
  to   space 5120K, 0% used [0x00000000dfc00000,0x00000000dfc00000,0x00000000e0100000)
 ParOldGen       total 81920K, used 14812K [0x0000000088c00000, 0x000000008dc00000, 0x00000000d8400000)
  object space 81920K, 18% used [0x0000000088c00000,0x0000000089a771c8,0x000000008dc00000)
 Metaspace       used 20745K, capacity 20892K, committed 21120K, reserved 1067008K
  class space    used 2541K, capacity 2581K, committed 2688K, reserved 1048576K
}
Event: 5.028 GC heap before
{Heap before GC invocations=5 (full 0):
 PSYoungGen      total 128000K, used 25650K [0x00000000d8400000, 0x00000000e0600000, 0x0000000100000000)
  eden space 122880K, 16% used [0x00000000d8400000,0x00000000d980e688,0x00000000dfc00000)
  from space 5120K, 99% used [0x00000000e0100000,0x00000000e05fe308,0x00000000e0600000)
  to   space 5120K, 0% used [0x00000000dfc00000,0x00000000dfc00000,0x00000000e0100000)
 ParOldGen       total 81920K, used 14812K [0x0000000088c00000, 0x000000008dc00000, 0x00000000d8400000)
  object space 81920K, 18% used [0x0000000088c00000,0x0000000089a771c8,0x000000008dc00000)
 Metaspace       used 20963K, capacity 21128K, committed 21296K, reserved 1069056K
  class space    used 2579K, capacity 2615K, committed 2688K, reserved 1048576K
Event: 5.039 GC heap after
Heap after GC invocations=5 (full 0):
 PSYoungGen      total 128000K, used 5112K [0x00000000d8400000, 0x00000000e8f00000, 0x0000000100000000)
  eden space 122880K, 0% used [0x00000000d8400000,0x00000000d8400000,0x00000000dfc00000)
  from space 5120K, 99% used [0x00000000dfc00000,0x00000000e00fe328,0x00000000e0100000)
  to   space 13824K, 0% used [0x00000000e8180000,0x00000000e8180000,0x00000000e8f00000)
 ParOldGen       total 81920K, used 15657K [0x0000000088c00000, 0x000000008dc00000, 0x00000000d8400000)
  object space 81920K, 19% used [0x0000000088c00000,0x0000000089b4a578,0x000000008dc00000)
 Metaspace       used 20963K, capacity 21128K, committed 21296K, reserved 1069056K
  class space    used 2579K, capacity 2615K, committed 2688K, reserved 1048576K
}
Event: 5.039 GC heap before
{Heap before GC invocations=6 (full 1):
 PSYoungGen      total 128000K, used 5112K [0x00000000d8400000, 0x00000000e8f00000, 0x0000000100000000)
  eden space 122880K, 0% used [0x00000000d8400000,0x00000000d8400000,0x00000000dfc00000)
  from space 5120K, 99% used [0x00000000dfc00000,0x00000000e00fe328,0x00000000e0100000)
  to   space 13824K, 0% used [0x00000000e8180000,0x00000000e8180000,0x00000000e8f00000)
 ParOldGen       total 81920K, used 15657K [0x0000000088c00000, 0x000000008dc00000, 0x00000000d8400000)
  object space 81920K, 19% used [0x0000000088c00000,0x0000000089b4a578,0x000000008dc00000)
 Metaspace       used 20963K, capacity 21128K, committed 21296K, reserved 1069056K
  class space    used 2579K, capacity 2615K, committed 2688K, reserved 1048576K
Event: 5.112 GC heap after
Heap after GC invocations=6 (full 1):
 PSYoungGen      total 128000K, used 0K [0x00000000d8400000, 0x00000000e8f00000, 0x0000000100000000)
  eden space 122880K, 0% used [0x00000000d8400000,0x00000000d8400000,0x00000000dfc00000)
  from space 5120K, 0% used [0x00000000dfc00000,0x00000000dfc00000,0x00000000e0100000)
  to   space 13824K, 0% used [0x00000000e8180000,0x00000000e8180000,0x00000000e8f00000)
 ParOldGen       total 56832K, used 13370K [0x0000000088c00000, 0x000000008c380000, 0x00000000d8400000)
  object space 56832K, 23% used [0x0000000088c00000,0x000000008990e868,0x000000008c380000)
 Metaspace       used 20963K, capacity 21128K, committed 21296K, reserved 1069056K
  class space    used 2579K, capacity 2615K, committed 2688K, reserved 1048576K
}

